<?xml version="1.0" encoding="UTF-8"?>
<!-- Generated by org.testng.reporters.JUnitXMLReporter -->
<testsuite hostname="DESKTOP-I5E0NA3" ignored="2" name="Test" tests="1" failures="0" timestamp="2021-04-07T08:48:32 IST" time="0.072" errors="0">
  <testcase name="afterMethod" time="0.012" classname="Test.NewTest"/>
  <testcase name="beforeMethod" time="0.0" classname="Test.NewTest">
    <ignored/>
  </testcase> <!-- beforeMethod -->
  <testcase name="f" time="0.0" classname="Test.NewTest">
    <ignored/>
  </testcase> <!-- f -->
</testsuite> <!-- Test -->
